c:\users\gagni_aq6mooo\onedrive\desktop\c++\marketing\project3\project3\debug\vc142.pdb
c:\users\gagni_aq6mooo\onedrive\desktop\c++\marketing\project3\project3\debug\vc142.idb
c:\users\gagni_aq6mooo\onedrive\desktop\c++\marketing\project3\project3\debug\window.obj
c:\users\gagni_aq6mooo\onedrive\desktop\c++\marketing\project3\project3\debug\source.obj
c:\users\gagni_aq6mooo\onedrive\desktop\c++\marketing\project3\project3\debug\silvercard.obj
c:\users\gagni_aq6mooo\onedrive\desktop\c++\marketing\project3\project3\debug\product.obj
c:\users\gagni_aq6mooo\onedrive\desktop\c++\marketing\project3\project3\debug\prints.obj
c:\users\gagni_aq6mooo\onedrive\desktop\c++\marketing\project3\project3\debug\imagemap.obj
c:\users\gagni_aq6mooo\onedrive\desktop\c++\marketing\project3\project3\debug\image.obj
c:\users\gagni_aq6mooo\onedrive\desktop\c++\marketing\project3\project3\debug\goldcard.obj
c:\users\gagni_aq6mooo\onedrive\desktop\c++\marketing\project3\project3\debug\fornewprice.obj
c:\users\gagni_aq6mooo\onedrive\desktop\c++\marketing\project3\project3\debug\forimage.obj
c:\users\gagni_aq6mooo\onedrive\desktop\c++\marketing\project3\project3\debug\file.obj
c:\users\gagni_aq6mooo\onedrive\desktop\c++\marketing\project3\project3\debug\chooses.obj
c:\users\gagni_aq6mooo\onedrive\desktop\c++\marketing\project3\project3\debug\category.obj
c:\users\gagni_aq6mooo\onedrive\desktop\c++\marketing\project3\project3\debug\card.obj
c:\users\gagni_aq6mooo\onedrive\desktop\c++\marketing\project3\project3\debug\bronzecard.obj
c:\users\gagni_aq6mooo\onedrive\desktop\c++\marketing\project3\project3\debug\addnocategory.obj
c:\users\gagni_aq6mooo\onedrive\desktop\c++\marketing\project3\project3\debug\add.obj
c:\users\gagni_aq6mooo\onedrive\desktop\c++\marketing\project3\debug\project3.pdb
c:\users\gagni_aq6mooo\onedrive\desktop\c++\marketing\project3\project3\debug\project3.tlog\cl.command.1.tlog
c:\users\gagni_aq6mooo\onedrive\desktop\c++\marketing\project3\project3\debug\project3.tlog\cl.read.1.tlog
c:\users\gagni_aq6mooo\onedrive\desktop\c++\marketing\project3\project3\debug\project3.tlog\cl.write.1.tlog
c:\users\gagni_aq6mooo\onedrive\desktop\c++\marketing\project3\project3\debug\project3.tlog\link-cvtres.read.1.tlog
c:\users\gagni_aq6mooo\onedrive\desktop\c++\marketing\project3\project3\debug\project3.tlog\link-cvtres.write.1.tlog
c:\users\gagni_aq6mooo\onedrive\desktop\c++\marketing\project3\project3\debug\project3.tlog\link-rc.read.1.tlog
c:\users\gagni_aq6mooo\onedrive\desktop\c++\marketing\project3\project3\debug\project3.tlog\link-rc.write.1.tlog
c:\users\gagni_aq6mooo\onedrive\desktop\c++\marketing\project3\project3\debug\project3.tlog\link.command.1.tlog
c:\users\gagni_aq6mooo\onedrive\desktop\c++\marketing\project3\project3\debug\project3.tlog\link.read.1.tlog
c:\users\gagni_aq6mooo\onedrive\desktop\c++\marketing\project3\project3\debug\project3.tlog\link.write.1.tlog
